[     -34ms] [WARNING] [JavaScript Warning: "Content-Security-Policy: Ignoring “'self'” within script-src: ‘strict-dynamic’ specified" {file: "https://grok.com/" line: 0}] @ https://grok.com/:0
[     -34ms] [WARNING] [JavaScript Warning: "Content-Security-Policy: Ignoring “https://*.googleapis.com” within script-src: ‘strict-dynamic’ specified" {file: "https://grok.com/" line: 0}] @ https://grok.com/:0
[     -34ms] [WARNING] [JavaScript Warning: "Content-Security-Policy: Ignoring “https://*.google.com” within script-src: ‘strict-dynamic’ specified" {file: "https://grok.com/" line: 0}] @ https://grok.com/:0
[     -34ms] [WARNING] [JavaScript Warning: "Content-Security-Policy: Ignoring “https://*.withgoogle.com” within script-src: ‘strict-dynamic’ specified" {file: "https://grok.com/" line: 0}] @ https://grok.com/:0
[     -34ms] [WARNING] [JavaScript Warning: "Content-Security-Policy: Ignoring “https://*.gstatic.com” within script-src: ‘strict-dynamic’ specified" {file: "https://grok.com/" line: 0}] @ https://grok.com/:0
[     -34ms] [WARNING] [JavaScript Warning: "Content-Security-Policy: Ignoring “https://*.googletagmanager.com” within script-src: ‘strict-dynamic’ specified" {file: "https://grok.com/" line: 0}] @ https://grok.com/:0
[     -34ms] [WARNING] [JavaScript Warning: "Content-Security-Policy: Ignoring “https://*.google-analytics.com” within script-src: ‘strict-dynamic’ specified" {file: "https://grok.com/" line: 0}] @ https://grok.com/:0
[     -34ms] [WARNING] [JavaScript Warning: "Content-Security-Policy: Ignoring “https://*.cloudflareinsights.com” within script-src: ‘strict-dynamic’ specified" {file: "https://grok.com/" line: 0}] @ https://grok.com/:0
[     -34ms] [WARNING] [JavaScript Warning: "Content-Security-Policy: Ignoring “https://unpkg.com/@googleworkspace/drive-picker-element@0/dist/index.iife.min.js” within script-src: ‘strict-dynamic’ specified" {file: "https://grok.com/" line: 0}] @ https://grok.com/:0
[     -34ms] [WARNING] [JavaScript Warning: "Content-Security-Policy: Ignoring “https://*.reddit.com” within script-src: ‘strict-dynamic’ specified" {file: "https://grok.com/" line: 0}] @ https://grok.com/:0
[     -34ms] [WARNING] [JavaScript Warning: "Content-Security-Policy: Ignoring “https://embed.reddit.com/widgets.js” within script-src: ‘strict-dynamic’ specified" {file: "https://grok.com/" line: 0}] @ https://grok.com/:0
[     -34ms] [WARNING] [JavaScript Warning: "Content-Security-Policy: Ignoring “https://*.twitter.com” within script-src: ‘strict-dynamic’ specified" {file: "https://grok.com/" line: 0}] @ https://grok.com/:0
[     -33ms] [WARNING] [JavaScript Warning: "Content-Security-Policy: Ignoring “https://*.x.com” within script-src: ‘strict-dynamic’ specified" {file: "https://grok.com/" line: 0}] @ https://grok.com/:0
[     -33ms] [WARNING] [JavaScript Warning: "Content-Security-Policy: Ignoring ‘block-all-mixed-content’ because mixed content display upgrading makes block-all-mixed-content obsolete." {file: "https://grok.com/" line: 0}] @ https://grok.com/:0
[    1449ms] [ERROR] [JavaScript Error: "Content-Security-Policy: The page’s settings blocked a JavaScript eval (script-src) from being executed because it violates the following directive: “script-src 'self' 'nonce-YTRiNTYwZjYtMDQ2Ny00MzU1LTgwZmQtMTNkZjA2NjQ2YWNk' 'strict-dynamic' 'wasm-unsafe-eval' https://*.googleapis.com https://*.google.com https://*.withgoogle.com https://*.gstatic.com https://*.googletagmanager.com https://*.google-analytics.com https://*.cloudflareinsights.com https://unpkg.com/@googleworkspace/drive-picker-element@0/dist/index.iife.min.js https://*.reddit.com https://embed.reddit.com/widgets.js https://*.twitter.com https://*.x.com” (Missing 'unsafe-eval')" {file: "https://grok.com/_next/static/chunks/20c5b653a71b0b87.js" line: 3}] @ https://grok.com/_next/static/chunks/20c5b653a71b0b87.js:3
[    1801ms] [WARNING] react-i18next:: useTranslation: You will need to pass in an i18next instance by using initReactI18next JSHandle@object @ https://grok.com/_next/static/chunks/108b8a0d02962432.js:2
[    2117ms] [WARNING] [JavaScript Warning: "The value of the attribute “expires” for the cookie “_ga_8FEWB057YH” has been overwritten." {file: "https://grok.com/" line: 0}] @ https://grok.com/:0
[    2135ms] [WARNING] [JavaScript Warning: "The value of the attribute “expires” for the cookie “_ga_8FEWB057YH” has been overwritten." {file: "https://grok.com/" line: 0}] @ https://grok.com/:0
[    9747ms] [WARNING] [JavaScript Warning: "The resource at “https://grok.com/_next/static/media/UniversalSans_Display_400.p.f3921f1a.woff2” preloaded with link preload was not used within a few seconds. Make sure all attributes of the preload tag are set correctly." {file: "https://grok.com/" line: 0}] @ https://grok.com/:0
[    9747ms] [WARNING] [JavaScript Warning: "The resource at “https://grok.com/_next/static/media/UniversalSans_Display_400Italic.p.c81b3b34.woff2” preloaded with link preload was not used within a few seconds. Make sure all attributes of the preload tag are set correctly." {file: "https://grok.com/" line: 0}] @ https://grok.com/:0
[    9748ms] [WARNING] [JavaScript Warning: "The resource at “https://grok.com/_next/static/media/UniversalSans_Display_550.p.643f1127.woff2” preloaded with link preload was not used within a few seconds. Make sure all attributes of the preload tag are set correctly." {file: "https://grok.com/" line: 0}] @ https://grok.com/:0
[    9748ms] [WARNING] [JavaScript Warning: "The resource at “https://grok.com/_next/static/media/UniversalSans_Display_550Italic.p.a4aac43a.woff2” preloaded with link preload was not used within a few seconds. Make sure all attributes of the preload tag are set correctly." {file: "https://grok.com/" line: 0}] @ https://grok.com/:0
[    9748ms] [WARNING] [JavaScript Warning: "The resource at “https://grok.com/_next/static/media/UniversalSans_Text_400Italic.p.1f7b6952.woff2” preloaded with link preload was not used within a few seconds. Make sure all attributes of the preload tag are set correctly." {file: "https://grok.com/" line: 0}] @ https://grok.com/:0
[    9749ms] [WARNING] [JavaScript Warning: "The resource at “https://grok.com/_next/static/media/UniversalSans_Text_550Italic.p.51b28d67.woff2” preloaded with link preload was not used within a few seconds. Make sure all attributes of the preload tag are set correctly." {file: "https://grok.com/" line: 0}] @ https://grok.com/:0
