[      -3ms] [WARNING] [JavaScript Warning: "Content-Security-Policy: Ignoring ‘block-all-mixed-content’ because mixed content display upgrading makes block-all-mixed-content obsolete." {file: "https://web.whatsapp.com/" line: 0}] @ https://web.whatsapp.com/:0
[    2490ms] [ERROR] ErrorUtils caught an error:

[uim] multiple roots: existing=App new=App (multiple-uim-roots)

Subsequent non-fatal errors won't be logged; see https://fburl.com/debugjs. JSHandle@object @ https://static.whatsapp.net/rsrc.php/v4/y4/r/kJ1_RoaPeft.js:76
[    3395ms] [WARNING] [JavaScript Warning: "unreachable code after return statement" {file: "https://static.whatsapp.net/rsrc.php/v4ij0b4/yW/l/en_US-j/Lk0il3_rsAP.js" line: 238}] @ https://static.whatsapp.net/rsrc.php/v4ij0b4/yW/l/en_US-j/Lk0il3_rsAP.js:238
[    3396ms] [WARNING] [JavaScript Warning: "unreachable code after return statement" {file: "https://static.whatsapp.net/rsrc.php/v4ij0b4/yW/l/en_US-j/Lk0il3_rsAP.js" line: 240}] @ https://static.whatsapp.net/rsrc.php/v4ij0b4/yW/l/en_US-j/Lk0il3_rsAP.js:240
[   12960ms] AbortError: Error retrieving push subscription.
    at l (https://static.whatsapp.net/rsrc.php/v4/y4/r/kJ1_RoaPeft.js:107:149)
    at s (https://static.whatsapp.net/rsrc.php/v4/y4/r/kJ1_RoaPeft.js:107:386)
    at promise callback*l (https://static.whatsapp.net/rsrc.php/v4/y4/r/kJ1_RoaPeft.js:107:205)
    at i (https://static.whatsapp.net/rsrc.php/v4/y4/r/kJ1_RoaPeft.js:107:350)
    at promise callback*l (https://static.whatsapp.net/rsrc.php/v4/y4/r/kJ1_RoaPeft.js:107:205)
    at i (https://static.whatsapp.net/rsrc.php/v4/y4/r/kJ1_RoaPeft.js:107:350)
    at promise callback*l (https://static.whatsapp.net/rsrc.php/v4/y4/r/kJ1_RoaPeft.js:107:205)
    at i (https://static.whatsapp.net/rsrc.php/v4/y4/r/kJ1_RoaPeft.js:107:350)
    at s/</< (https://static.whatsapp.net/rsrc.php/v4/y4/r/kJ1_RoaPeft.js:107:409)
    at s/< (https://static.whatsapp.net/rsrc.php/v4/y4/r/kJ1_RoaPeft.js:107:277)
    at _ (https://static.whatsapp.net/rsrc.php/v4iuz-4/yE/l/en_US-j/Dts6nOdXvwt.js:702:1343)
    at p (https://static.whatsapp.net/rsrc.php/v4iuz-4/yE/l/en_US-j/Dts6nOdXvwt.js:702:313)
    at updatePushManager (https://static.whatsapp.net/rsrc.php/v4iIbh4/yr/l/en_US-j/V-7SRvg4j9mhGeVj_51vvPyPrHIPqDGKBg0o5ou7bb2URneA-6-PmMBpk5sb1XCC2jSKTbd9WQjLjE7c6EW-aP27cUPMV_XGiXRyyobC9CSHCpD4idbx_UJG3RToouxrtQDAf2Cea1M-b9djziEHVG5FsUkTZo7z3n_COtrZlsJy-sqe42nURfk_Elk.js:1237:341)
    at t (https://static.whatsapp.net/rsrc.php/v4iQTO4/yW/l/en_US-j/PhADPBGFkaz0LUGyZyfSvg08nRV33oViQN3euuTkbL3NXqSVP3llD5IsQppKestYvw1SnrMEfhzx7h5sK4SPLWgpFBCgiAjEnS33MbnvyTEmgM2t_jAHPGzFSleG0f6O3QccFrdV-YRrsRlgV7svos2W4ZESXiZPB041-T-hAuAf-I8Lvd9SSbDyHALQwWjJ9pw2ToqLHCXmPk0ZW9GuWAso3TvzRkWb_niFYH6DeeEYzqBD7deO6N9FhJJlbfEJS9CKgVIGtU2z6u22G2EixWOWhhlYe_FuwKcOtLwhvx6qRl5DNLAIKuOW04l1PI7v8juB_nzcVG.js:381:1587)
    at a.$10 (https://static.whatsapp.net/rsrc.php/v4iQTO4/yW/l/en_US-j/PhADPBGFkaz0LUGyZyfSvg08nRV33oViQN3euuTkbL3NXqSVP3llD5IsQppKestYvw1SnrMEfhzx7h5sK4SPLWgpFBCgiAjEnS33MbnvyTEmgM2t_jAHPGzFSleG0f6O3QccFrdV-YRrsRlgV7svos2W4ZESXiZPB041-T-hAuAf-I8Lvd9SSbDyHALQwWjJ9pw2ToqLHCXmPk0ZW9GuWAso3TvzRkWb_niFYH6DeeEYzqBD7deO6N9FhJJlbfEJS9CKgVIGtU2z6u22G2EixWOWhhlYe_FuwKcOtLwhvx6qRl5DNLAIKuOW04l1PI7v8juB_nzcVG.js:381:1980)
    at t/this.$8 (https://static.whatsapp.net/rsrc.php/v4iQTO4/yW/l/en_US-j/PhADPBGFkaz0LUGyZyfSvg08nRV33oViQN3euuTkbL3NXqSVP3llD5IsQppKestYvw1SnrMEfhzx7h5sK4SPLWgpFBCgiAjEnS33MbnvyTEmgM2t_jAHPGzFSleG0f6O3QccFrdV-YRrsRlgV7svos2W4ZESXiZPB041-T-hAuAf-I8Lvd9SSbDyHALQwWjJ9pw2ToqLHCXmPk0ZW9GuWAso3TvzRkWb_niFYH6DeeEYzqBD7deO6N9FhJJlbfEJS9CKgVIGtU2z6u22G2EixWOWhhlYe_FuwKcOtLwhvx6qRl5DNLAIKuOW04l1PI7v8juB_nzcVG.js:381:772)
    at promise callback*a.$9 (https://static.whatsapp.net/rsrc.php/v4iQTO4/yW/l/en_US-j/PhADPBGFkaz0LUGyZyfSvg08nRV33oViQN3euuTkbL3NXqSVP3llD5IsQppKestYvw1SnrMEfhzx7h5sK4SPLWgpFBCgiAjEnS33MbnvyTEmgM2t_jAHPGzFSleG0f6O3QccFrdV-YRrsRlgV7svos2W4ZESXiZPB041-T-hAuAf-I8Lvd9SSbDyHALQwWjJ9pw2ToqLHCXmPk0ZW9GuWAso3TvzRkWb_niFYH6DeeEYzqBD7deO6N9FhJJlbfEJS9CKgVIGtU2z6u22G2EixWOWhhlYe_FuwKcOtLwhvx6qRl5DNLAIKuOW04l1PI7v8juB_nzcVG.js:381:1843)
    at t/this.fireAndForget (https://static.whatsapp.net/rsrc.php/v4iQTO4/yW/l/en_US-j/PhADPBGFkaz0LUGyZyfSvg08nRV33oViQN3euuTkbL3NXqSVP3llD5IsQppKestYvw1SnrMEfhzx7h5sK4SPLWgpFBCgiAjEnS33MbnvyTEmgM2t_jAHPGzFSleG0f6O3QccFrdV-YRrsRlgV7svos2W4ZESXiZPB041-T-hAuAf-I8Lvd9SSbDyHALQwWjJ9pw2ToqLHCXmPk0ZW9GuWAso3TvzRkWb_niFYH6DeeEYzqBD7deO6N9FhJJlbfEJS9CKgVIGtU2z6u22G2EixWOWhhlYe_FuwKcOtLwhvx6qRl5DNLAIKuOW04l1PI7v8juB_nzcVG.js:381:365)
    at u (https://static.whatsapp.net/rsrc.php/v4ims_4/y2/l/en_US-j/UT-Bx2xeWPB1eAK1rqUJJPJ7jgr_N_MyqQny__M-VLipPF6mKt667E4E_MaRlu5Phfl7PSjmXaZEx.js:83:159)
    at m (https://static.whatsapp.net/rsrc.php/v4ims_4/y2/l/en_US-j/UT-Bx2xeWPB1eAK1rqUJJPJ7jgr_N_MyqQny__M-VLipPF6mKt667E4E_MaRlu5Phfl7PSjmXaZEx.js:83:345)
    at x/x< (https://static.whatsapp.net/rsrc.php/v4isZ34/yr/l/en_US-j/51AJKDWD7v_.js:521:9222)
    at l (https://static.whatsapp.net/rsrc.php/v4/y4/r/kJ1_RoaPeft.js:107:125)
    at i (https://static.whatsapp.net/rsrc.php/v4/y4/r/kJ1_RoaPeft.js:107:350)
    at promise callback*l (https://static.whatsapp.net/rsrc.php/v4/y4/r/kJ1_RoaPeft.js:107:205)
    at i (https://static.whatsapp.net/rsrc.php/v4/y4/r/kJ1_RoaPeft.js:107:350)
    at promise callback*l (https://static.whatsapp.net/rsrc.php/v4/y4/r/kJ1_RoaPeft.js:107:205)
    at i (https://static.whatsapp.net/rsrc.php/v4/y4/r/kJ1_RoaPeft.js:107:350)
    at promise callback*l (https://static.whatsapp.net/rsrc.php/v4/y4/r/kJ1_RoaPeft.js:107:205)
    at i (https://static.whatsapp.net/rsrc.php/v4/y4/r/kJ1_RoaPeft.js:107:350)
    at promise callback*l (https://static.whatsapp.net/rsrc.php/v4/y4/r/kJ1_RoaPeft.js:107:205)
    at i (https://static.whatsapp.net/rsrc.php/v4/y4/r/kJ1_RoaPeft.js:107:350)
    at promise callback*l (https://static.whatsapp.net/rsrc.php/v4/y4/r/kJ1_RoaPeft.js:107:205)
    at i (https://static.whatsapp.net/rsrc.php/v4/y4/r/kJ1_RoaPeft.js:107:350)
    at promise callback*l (https://static.whatsapp.net/rsrc.php/v4/y4/r/kJ1_RoaPeft.js:107:205)
    at i (https://static.whatsapp.net/rsrc.php/v4/y4/r/kJ1_RoaPeft.js:107:350)
    at promise callback*l (https://static.whatsapp.net/rsrc.php/v4/y4/r/kJ1_RoaPeft.js:107:205)
    at i (https://static.whatsapp.net/rsrc.php/v4/y4/r/kJ1_RoaPeft.js:107:350)
    at promise callback*l (https://static.whatsapp.net/rsrc.php/v4/y4/r/kJ1_RoaPeft.js:107:205)
    at i (https://static.whatsapp.net/rsrc.php/v4/y4/r/kJ1_RoaPeft.js:107:350)
    at promise callback*l (https://static.whatsapp.net/rsrc.php/v4/y4/r/kJ1_RoaPeft.js:107:205)
    at i (https://static.whatsapp.net/rsrc.php/v4/y4/r/kJ1_RoaPeft.js:107:350)
    at promise callback*l (https://static.whatsapp.net/rsrc.php/v4/y4/r/kJ1_RoaPeft.js:107:205)
    at i (https://static.whatsapp.net/rsrc.php/v4/y4/r/kJ1_RoaPeft.js:107:350)
    at promise callback*l (https://static.whatsapp.net/rsrc.php/v4/y4/r/kJ1_RoaPeft.js:107:205)
