[     417ms] [WARNING] Error with Permissions-Policy header: Unrecognized feature: 'pointer-lock'. @ :0
[     482ms] [ERROR] Failed to load resource: the server responded with a status of 403 () @ https://grok.com/cdn-cgi/speculation:0
[     482ms] [WARNING] Load failed or canceled (net::ERR_ABORTED; HTTP status 403) for rule set requested from "https://grok.com/cdn-cgi/speculation" found in Speculation-Rules header. @ https://grok.com/:0
[    1157ms] [ERROR] Failed to load resource: the server responded with a status of 403 () @ https://grok.com/manifest.webmanifest:0
[    1209ms] [ERROR] Manifest fetch from https://grok.com/manifest.webmanifest failed, code 403 @ https://grok.com/:0
[    3954ms] [ERROR] Failed to load resource: the server responded with a status of 403 () @ https://grok.com/manifest.webmanifest:0
[    3955ms] [ERROR] Manifest fetch from https://grok.com/manifest.webmanifest failed, code 403 @ https://grok.com/:0
[    4169ms] [WARNING] react-i18next:: useTranslation: You will need to pass in an i18next instance by using initReactI18next {code: NO_I18NEXT_INSTANCE} @ https://grok.com/_next/static/chunks/108b8a0d02962432.js:2
[    4717ms] [ERROR] Failed to load resource: the server responded with a status of 403 () @ https://grok.com/:0
[    5017ms] [ERROR] Failed to load resource: the server responded with a status of 403 () @ https://grok.com/rest/suggestions/profile:0
[    5285ms] [ERROR] Failed to load resource: the server responded with a status of 403 () @ https://grok.com/rest/workspaces/1735c097-cfe2-42ec-809d-b2cd8e806e9d:0
[    5292ms] [ERROR] Failed to load resource: the server responded with a status of 403 () @ https://grok.com/rest/products?provider=SUBSCRIPTION_PROVIDER_STRIPE:0
[    6351ms] [ERROR] Failed to load resource: the server responded with a status of 403 () @ https://grok.com/rest/products?provider=SUBSCRIPTION_PROVIDER_STRIPE:0
[    7197ms] [ERROR]  Note that 'script-src' was not explicitly set, so 'default-src' is used as a fallback. @ https://challenges.cloudflare.com/cdn-cgi/challenge-platform/h/g/turnstile/f/ov2/av0/rch/orvo7/0x4AAAAAABSXp6OOe7EVGPnR/auto/fbE/new/normal?lang=auto:0
[    7403ms] [ERROR] %c%d font-size:0;color:transparent NaN @ https://challenges.cloudflare.com/cdn-cgi/challenge-platform/h/g/turnstile/f/ov2/av0/rch/orvo7/0x4AAAAAABSXp6OOe7EVGPnR/auto/fbE/new/normal?lang=auto:0
[    7404ms] [ERROR] %c%d font-size:0;color:transparent NaN @ https://challenges.cloudflare.com/cdn-cgi/challenge-platform/h/g/turnstile/f/ov2/av0/rch/orvo7/0x4AAAAAABSXp6OOe7EVGPnR/auto/fbE/new/normal?lang=auto:0
[    7406ms] [WARNING] %c%d font-size:0;color:transparent NaN @ https://challenges.cloudflare.com/cdn-cgi/challenge-platform/h/g/turnstile/f/ov2/av0/rch/orvo7/0x4AAAAAABSXp6OOe7EVGPnR/auto/fbE/new/normal?lang=auto:0
[    7406ms] [WARNING] %c%d font-size:0;color:transparent NaN @ https://challenges.cloudflare.com/cdn-cgi/challenge-platform/h/g/turnstile/f/ov2/av0/rch/orvo7/0x4AAAAAABSXp6OOe7EVGPnR/auto/fbE/new/normal?lang=auto:0
[    7600ms] [ERROR] Failed to load resource: the server responded with a status of 401 () @ https://challenges.cloudflare.com/cdn-cgi/challenge-platform/h/g/pat/9d4973badbefd702/1772213867079/4a955f2deeac0d5f54332a499324336fc52f554cc17abeaf6427222da2bcdc2c/LsVhEDRxsYCy-mH:0
[    7968ms] [WARNING] No available adapters. @ https://challenges.cloudflare.com/cdn-cgi/challenge-platform/h/g/turnstile/f/ov2/av0/rch/orvo7/0x4AAAAAABSXp6OOe7EVGPnR/auto/fbE/new/normal?lang=auto:0
[    8363ms] [ERROR] Failed to load resource: the server responded with a status of 403 () @ https://grok.com/api/log_metric:0
[   11673ms] [WARNING] The resource https://challenges.cloudflare.com/cdn-cgi/challenge-platform/h/g/cmg/1 was preloaded using link preload but not used within a few seconds from the window's load event. Please make sure it has an appropriate `as` value and it is preloaded intentionally. @ https://challenges.cloudflare.com/cdn-cgi/challenge-platform/h/g/turnstile/f/ov2/av0/rch/orvo7/0x4AAAAAABSXp6OOe7EVGPnR/auto/fbE/new/normal?lang=auto:0
[   50373ms] [WARNING] [Cloudflare Turnstile] Error: 300030. @ https://grok.com/_next/static/chunks/108b8a0d02962432.js:2
[   50428ms] TurnstileError: [Cloudflare Turnstile] Nothing to reset found for provided container.
    at m (https://challenges.cloudflare.com/turnstile/v0/api.js?onload=onloadTurnstileCallback:1:10471)
    at x (https://challenges.cloudflare.com/turnstile/v0/api.js?onload=onloadTurnstileCallback:1:27751)
    at https://challenges.cloudflare.com/turnstile/v0/api.js?onload=onloadTurnstileCallback:1:25020
    at r (https://grok.com/_next/static/chunks/108b8a0d02962432.js:3:162438)
[   52446ms] [ERROR] Failed to load resource: the server responded with a status of 403 () @ https://grok.com/api/log_metric:0
